2023-10-04 01:28:38,852 - ocrr_logging.ocrr_engine_log - INFO - Image pan4.jpg processed successfully
2023-10-04 01:28:42,122 - ocrr_logging.ocrr_engine_log - INFO - Image pan5.jpg processed successfully
2023-10-04 01:28:42,122 - ocrr_logging.ocrr_engine_log - INFO - Image pan5.jpg processed successfully
2023-10-04 01:28:45,770 - ocrr_logging.ocrr_engine_log - INFO - Image sample_1_front_ad.jpeg processed successfully
2023-10-04 01:28:45,770 - ocrr_logging.ocrr_engine_log - INFO - Image sample_1_front_ad.jpeg processed successfully
2023-10-04 01:28:45,770 - ocrr_logging.ocrr_engine_log - INFO - Image sample_1_front_ad.jpeg processed successfully
2023-10-04 01:28:49,302 - ocrr_logging.ocrr_engine_log - INFO - Image sample_2_front_ad.jpeg processed successfully
2023-10-04 01:28:49,302 - ocrr_logging.ocrr_engine_log - INFO - Image sample_2_front_ad.jpeg processed successfully
2023-10-04 01:28:49,302 - ocrr_logging.ocrr_engine_log - INFO - Image sample_2_front_ad.jpeg processed successfully
2023-10-04 01:28:49,302 - ocrr_logging.ocrr_engine_log - INFO - Image sample_2_front_ad.jpeg processed successfully
2023-10-04 01:28:53,444 - ocrr_logging.ocrr_engine_log - INFO - Image sample_3_front_ad.jpeg.jpeg processed successfully
2023-10-04 01:28:53,444 - ocrr_logging.ocrr_engine_log - INFO - Image sample_3_front_ad.jpeg.jpeg processed successfully
2023-10-04 01:28:53,444 - ocrr_logging.ocrr_engine_log - INFO - Image sample_3_front_ad.jpeg.jpeg processed successfully
2023-10-04 01:28:53,444 - ocrr_logging.ocrr_engine_log - INFO - Image sample_3_front_ad.jpeg.jpeg processed successfully
2023-10-04 01:28:53,444 - ocrr_logging.ocrr_engine_log - INFO - Image sample_3_front_ad.jpeg.jpeg processed successfully
2023-10-04 01:29:02,931 - ocrr_logging.ocrr_engine_log - INFO - Image pan1.jpg processed successfully
2023-10-04 01:29:02,931 - ocrr_logging.ocrr_engine_log - INFO - Image pan1.jpg processed successfully
2023-10-04 01:29:02,931 - ocrr_logging.ocrr_engine_log - INFO - Image pan1.jpg processed successfully
2023-10-04 01:29:02,931 - ocrr_logging.ocrr_engine_log - INFO - Image pan1.jpg processed successfully
2023-10-04 01:29:02,931 - ocrr_logging.ocrr_engine_log - INFO - Image pan1.jpg processed successfully
2023-10-04 01:29:02,931 - ocrr_logging.ocrr_engine_log - INFO - Image pan1.jpg processed successfully
2023-10-04 01:29:06,786 - ocrr_logging.ocrr_engine_log - INFO - Image pan3.jpg processed successfully
2023-10-04 01:29:06,786 - ocrr_logging.ocrr_engine_log - INFO - Image pan3.jpg processed successfully
2023-10-04 01:29:06,786 - ocrr_logging.ocrr_engine_log - INFO - Image pan3.jpg processed successfully
2023-10-04 01:29:06,786 - ocrr_logging.ocrr_engine_log - INFO - Image pan3.jpg processed successfully
2023-10-04 01:29:06,786 - ocrr_logging.ocrr_engine_log - INFO - Image pan3.jpg processed successfully
2023-10-04 01:29:06,786 - ocrr_logging.ocrr_engine_log - INFO - Image pan3.jpg processed successfully
2023-10-04 01:29:06,786 - ocrr_logging.ocrr_engine_log - INFO - Image pan3.jpg processed successfully
2023-10-04 01:52:39,661 - ocrr_logging.ocrr_engine_log - INFO - Image pan1.jpg processed successfully
2023-10-04 01:52:44,027 - ocrr_logging.ocrr_engine_log - INFO - Image pan3.jpg processed successfully
2023-10-04 01:52:44,027 - ocrr_logging.ocrr_engine_log - INFO - Image pan3.jpg processed successfully
2023-10-04 01:52:48,627 - ocrr_logging.ocrr_engine_log - INFO - Image pan4.jpg processed successfully
2023-10-04 01:52:48,627 - ocrr_logging.ocrr_engine_log - INFO - Image pan4.jpg processed successfully
2023-10-04 01:52:48,627 - ocrr_logging.ocrr_engine_log - INFO - Image pan4.jpg processed successfully
2023-10-04 01:52:52,166 - ocrr_logging.ocrr_engine_log - INFO - Image pan5.jpg processed successfully
2023-10-04 01:52:52,166 - ocrr_logging.ocrr_engine_log - INFO - Image pan5.jpg processed successfully
2023-10-04 01:52:52,166 - ocrr_logging.ocrr_engine_log - INFO - Image pan5.jpg processed successfully
2023-10-04 01:52:52,166 - ocrr_logging.ocrr_engine_log - INFO - Image pan5.jpg processed successfully
2023-10-04 02:18:14,253 - ocrr_logging.ocrr_engine_log - INFO - Image pan1.jpg processed successfully
2023-10-04 02:18:24,067 - ocrr_logging.ocrr_engine_log - INFO - Writing XML file
2023-10-04 02:18:24,067 - ocrr_logging.ocrr_engine_log - INFO - Pan card moved to finished folder
2023-10-04 02:18:25,900 - ocrr_logging.ocrr_engine_log - INFO - Image pan2.jpg processed successfully
2023-10-04 02:18:25,900 - ocrr_logging.ocrr_engine_log - INFO - Image pan2.jpg processed successfully
2023-10-04 02:18:30,641 - ocrr_logging.ocrr_engine_log - INFO - Image pan3.jpg processed successfully
2023-10-04 02:18:30,641 - ocrr_logging.ocrr_engine_log - INFO - Image pan3.jpg processed successfully
2023-10-04 02:18:30,641 - ocrr_logging.ocrr_engine_log - INFO - Image pan3.jpg processed successfully
2023-10-04 02:18:32,950 - ocrr_logging.ocrr_engine_log - INFO - Writing XML file
2023-10-04 02:18:32,950 - ocrr_logging.ocrr_engine_log - INFO - Writing XML file
2023-10-04 02:18:32,950 - ocrr_logging.ocrr_engine_log - INFO - Pan card moved to finished folder
2023-10-04 02:18:32,950 - ocrr_logging.ocrr_engine_log - INFO - Pan card moved to finished folder
2023-10-04 02:18:35,912 - ocrr_logging.ocrr_engine_log - INFO - Image pan4.jpg processed successfully
2023-10-04 02:18:35,912 - ocrr_logging.ocrr_engine_log - INFO - Image pan4.jpg processed successfully
2023-10-04 02:18:35,912 - ocrr_logging.ocrr_engine_log - INFO - Image pan4.jpg processed successfully
2023-10-04 02:18:35,912 - ocrr_logging.ocrr_engine_log - INFO - Image pan4.jpg processed successfully
2023-10-04 02:18:36,423 - ocrr_logging.ocrr_engine_log - INFO - Writing XML file
2023-10-04 02:18:36,423 - ocrr_logging.ocrr_engine_log - INFO - Writing XML file
2023-10-04 02:18:36,423 - ocrr_logging.ocrr_engine_log - INFO - Writing XML file
2023-10-04 02:18:36,423 - ocrr_logging.ocrr_engine_log - INFO - Pan card moved to finished folder
2023-10-04 02:18:36,423 - ocrr_logging.ocrr_engine_log - INFO - Pan card moved to finished folder
2023-10-04 02:18:36,423 - ocrr_logging.ocrr_engine_log - INFO - Pan card moved to finished folder
2023-10-04 02:18:39,920 - ocrr_logging.ocrr_engine_log - INFO - Writing XML file
2023-10-04 02:18:39,920 - ocrr_logging.ocrr_engine_log - INFO - Pan card moved to finished folder
2023-10-04 02:18:40,029 - ocrr_logging.ocrr_engine_log - INFO - Image pan5.jpg processed successfully
2023-10-04 02:18:40,029 - ocrr_logging.ocrr_engine_log - INFO - Image pan5.jpg processed successfully
2023-10-04 02:18:40,029 - ocrr_logging.ocrr_engine_log - INFO - Image pan5.jpg processed successfully
2023-10-04 02:18:40,029 - ocrr_logging.ocrr_engine_log - INFO - Image pan5.jpg processed successfully
2023-10-04 02:18:40,029 - ocrr_logging.ocrr_engine_log - INFO - Image pan5.jpg processed successfully
2023-10-04 02:18:42,440 - ocrr_logging.ocrr_engine_log - INFO - Writing XML file
2023-10-04 02:18:42,440 - ocrr_logging.ocrr_engine_log - INFO - Writing XML file
2023-10-04 02:18:42,440 - ocrr_logging.ocrr_engine_log - INFO - Pan card moved to finished folder
2023-10-04 02:18:42,440 - ocrr_logging.ocrr_engine_log - INFO - Pan card moved to finished folder
